2016-12-16 20:59:51,898 [Worker-17] INFO  o.e.m.c.i.l.LifecycleMappingFactory - Using org.eclipse.m2e.jdt.JarLifecycleMapping lifecycle mapping for MavenProject: Json101:Json101:0.0.1 @ E:\Eclipse_Neon\eclipse\Workspace\Misc\Json101\pom.xml.
2016-12-16 20:59:54,845 [Worker-37] INFO  o.e.m.c.i.l.LifecycleMappingFactory - Using org.eclipse.m2e.jdt.JarLifecycleMapping lifecycle mapping for MavenProject: org.anr.automation:mob.calc.test:0.0.1 @ E:\Eclipse_Neon\eclipse\Workspace\Misc\Misc Projects\mob.calc.test\pom.xml.
2016-12-16 21:00:01,916 [Worker-37] INFO  o.e.m.c.i.embedder.EclipseLogger - Using 'UTF-8' encoding to copy filtered resources.
2016-12-16 21:00:01,917 [Worker-37] INFO  o.e.m.c.i.embedder.EclipseLogger - skip non existing resourceDirectory E:\Eclipse_Neon\eclipse\Workspace\Misc\Misc Projects\mob.calc.test\src\main\resources
2016-12-16 21:00:01,919 [Worker-37] INFO  o.e.m.c.i.embedder.EclipseLogger - Using 'UTF-8' encoding to copy filtered resources.
2016-12-16 21:00:01,920 [Worker-37] INFO  o.e.m.c.i.embedder.EclipseLogger - skip non existing resourceDirectory E:\Eclipse_Neon\eclipse\Workspace\Misc\Misc Projects\mob.calc.test\src\test\resources
2016-12-16 21:00:02,614 [Worker-36] INFO  o.e.m.c.i.embedder.EclipseLogger - Using 'UTF-8' encoding to copy filtered resources.
2016-12-16 21:00:02,614 [Worker-36] INFO  o.e.m.c.i.embedder.EclipseLogger - skip non existing resourceDirectory E:\Eclipse_Neon\eclipse\Workspace\Misc\Misc Projects\mob.calc.test\src\main\resources
2016-12-16 21:00:02,616 [Worker-36] INFO  o.e.m.c.i.embedder.EclipseLogger - Using 'UTF-8' encoding to copy filtered resources.
2016-12-16 21:00:02,616 [Worker-36] INFO  o.e.m.c.i.embedder.EclipseLogger - skip non existing resourceDirectory E:\Eclipse_Neon\eclipse\Workspace\Misc\Misc Projects\mob.calc.test\src\test\resources
2016-12-16 21:00:03,135 [Worker-32] INFO  o.e.m.c.i.l.LifecycleMappingFactory - Using org.eclipse.m2e.jdt.JarLifecycleMapping lifecycle mapping for MavenProject: Json101:Json101:0.0.1 @ E:\Eclipse_Neon\eclipse\Workspace\Misc\Json101\pom.xml.
2016-12-16 21:00:03,283 [Worker-36] INFO  o.e.m.c.i.l.LifecycleMappingFactory - Using org.eclipse.m2e.jdt.JarLifecycleMapping lifecycle mapping for MavenProject: CucumberDemos:CukesDemo1:0.0.1-SNAPSHOT @ E:\Eclipse_Neon\eclipse\Workspace\Misc\CukesDemo1\pom.xml.
2016-12-16 21:00:04,873 [Worker-36] WARN  o.e.m.c.i.embedder.EclipseLogger - Using platform encoding (Cp1252 actually) to copy filtered resources, i.e. build is platform dependent!
2016-12-16 21:00:04,886 [Worker-36] INFO  o.e.m.c.i.embedder.EclipseLogger - Copying 0 resource
2016-12-16 21:00:04,888 [Worker-36] WARN  o.e.m.c.i.embedder.EclipseLogger - Using platform encoding (Cp1252 actually) to copy filtered resources, i.e. build is platform dependent!
2016-12-16 21:00:04,894 [Worker-36] INFO  o.e.m.c.i.embedder.EclipseLogger - Copying 0 resource
2016-12-16 21:00:05,438 [Worker-22] INFO  o.e.m.c.i.l.LifecycleMappingFactory - Using org.eclipse.m2e.jdt.JarLifecycleMapping lifecycle mapping for MavenProject: Json101:Json101:0.0.1 @ E:\Eclipse_Neon\eclipse\Workspace\Misc\Json101\pom.xml.
2016-12-16 21:00:05,576 [Worker-22] INFO  o.e.m.c.i.l.LifecycleMappingFactory - Using org.eclipse.m2e.jdt.JarLifecycleMapping lifecycle mapping for MavenProject: org.cash.test:test:0.0.1-SNAPSHOT @ E:\Eclipse_Neon\eclipse\Workspace\Misc\Test\test\pom.xml.
2016-12-16 21:00:05,612 [Worker-22] WARN  o.e.m.c.i.embedder.EclipseLogger - The POM for oracle:ojdbc6:jar:11.2.0.4 is missing, no dependency information available
2016-12-16 21:00:05,713 [Worker-29] WARN  o.e.m.c.i.embedder.EclipseLogger - Using platform encoding (Cp1252 actually) to copy filtered resources, i.e. build is platform dependent!
2016-12-16 21:00:05,744 [Worker-29] INFO  o.e.m.c.i.embedder.EclipseLogger - Copying 0 resource
2016-12-16 21:00:05,746 [Worker-29] WARN  o.e.m.c.i.embedder.EclipseLogger - Using platform encoding (Cp1252 actually) to copy filtered resources, i.e. build is platform dependent!
2016-12-16 21:00:05,755 [Worker-29] INFO  o.e.m.c.i.embedder.EclipseLogger - Copying 0 resource
2016-12-16 21:00:05,950 [Worker-29] INFO  o.e.m.c.i.l.LifecycleMappingFactory - Using org.eclipse.m2e.jdt.JarLifecycleMapping lifecycle mapping for MavenProject: JBehaveDemo:Demo:0.0.1 @ E:\Eclipse_Neon\eclipse\Workspace\Misc\Demo_jBehave\pom.xml.
2016-12-16 21:00:09,814 [Worker-22] WARN  o.e.m.c.i.embedder.EclipseLogger - The POM for org.testng:testng:jar:5.14.3 is invalid, transitive dependencies (if any) will not be available, enable debug logging for more details
2016-12-16 21:00:09,923 [Worker-22] WARN  o.e.m.c.i.embedder.EclipseLogger - The POM for org.testng:testng:jar:5.14.4 is invalid, transitive dependencies (if any) will not be available, enable debug logging for more details
2016-12-16 21:00:09,960 [Worker-22] WARN  o.e.m.c.i.embedder.EclipseLogger - The POM for org.testng:testng:jar:5.14.5 is invalid, transitive dependencies (if any) will not be available, enable debug logging for more details
2016-12-16 21:00:11,263 [Worker-29] INFO  o.e.m.c.i.embedder.EclipseLogger - Using 'UTF-8' encoding to copy filtered resources.
2016-12-16 21:00:11,263 [Worker-29] INFO  o.e.m.c.i.embedder.EclipseLogger - skip non existing resourceDirectory E:\Eclipse_Neon\eclipse\Workspace\Misc\Demo_jBehave\src\main\resources
2016-12-16 21:00:11,265 [Worker-29] INFO  o.e.m.c.i.embedder.EclipseLogger - Using 'UTF-8' encoding to copy filtered resources.
2016-12-16 21:00:11,265 [Worker-29] INFO  o.e.m.c.i.embedder.EclipseLogger - skip non existing resourceDirectory E:\Eclipse_Neon\eclipse\Workspace\Misc\Demo_jBehave\src\test\resources
2016-12-16 21:00:11,587 [Worker-29] INFO  o.e.m.c.i.l.LifecycleMappingFactory - Using org.eclipse.m2e.jdt.JarLifecycleMapping lifecycle mapping for MavenProject: Json101:Json101:0.0.1 @ E:\Eclipse_Neon\eclipse\Workspace\Misc\Json101\pom.xml.
2016-12-16 21:00:12,063 [Worker-29] WARN  o.e.m.c.i.embedder.EclipseLogger - Using platform encoding (Cp1252 actually) to copy filtered resources, i.e. build is platform dependent!
2016-12-16 21:00:12,072 [Worker-29] INFO  o.e.m.c.i.embedder.EclipseLogger - skip non existing resourceDirectory E:\Eclipse_Neon\eclipse\Workspace\Misc\Json101\src\main\resources
2016-12-16 21:00:12,073 [Worker-29] WARN  o.e.m.c.i.embedder.EclipseLogger - Using platform encoding (Cp1252 actually) to copy filtered resources, i.e. build is platform dependent!
2016-12-16 21:00:12,081 [Worker-29] INFO  o.e.m.c.i.embedder.EclipseLogger - skip non existing resourceDirectory E:\Eclipse_Neon\eclipse\Workspace\Misc\Json101\src\test\resources
2016-12-16 21:00:13,164 [Worker-22] INFO  o.e.m.c.i.embedder.EclipseLogger - Using 'UTF-8' encoding to copy filtered resources.
2016-12-16 21:00:13,165 [Worker-22] INFO  o.e.m.c.i.embedder.EclipseLogger - skip non existing resourceDirectory E:\Eclipse_Neon\eclipse\Workspace\Misc\Demo_jBehave\src\main\resources
2016-12-16 21:00:13,166 [Worker-22] INFO  o.e.m.c.i.embedder.EclipseLogger - Using 'UTF-8' encoding to copy filtered resources.
2016-12-16 21:00:13,166 [Worker-22] INFO  o.e.m.c.i.embedder.EclipseLogger - skip non existing resourceDirectory E:\Eclipse_Neon\eclipse\Workspace\Misc\Demo_jBehave\src\test\resources
2016-12-16 21:00:13,579 [Worker-22] INFO  o.e.m.c.i.l.LifecycleMappingFactory - Using org.eclipse.m2e.jdt.JarLifecycleMapping lifecycle mapping for MavenProject: PageObject:S1:0.0.1-SNAPSHOT @ E:\Eclipse_Neon\eclipse\Workspace\Misc\DemoPageObjectModel\pom.xml.
2016-12-16 21:00:16,408 [Worker-22] INFO  o.e.m.c.i.embedder.EclipseLogger - Using 'UTF-8' encoding to copy filtered resources.
2016-12-16 21:00:16,408 [Worker-22] INFO  o.e.m.c.i.embedder.EclipseLogger - skip non existing resourceDirectory E:\Eclipse_Neon\eclipse\Workspace\Misc\DemoPageObjectModel\src\main\resources
2016-12-16 21:00:16,413 [Worker-22] INFO  o.e.m.c.i.embedder.EclipseLogger - Using 'UTF-8' encoding to copy filtered resources.
2016-12-16 21:00:16,413 [Worker-22] INFO  o.e.m.c.i.embedder.EclipseLogger - skip non existing resourceDirectory E:\Eclipse_Neon\eclipse\Workspace\Misc\DemoPageObjectModel\src\test\resources
2016-12-16 21:00:17,633 [Worker-41] INFO  o.e.m.c.i.l.LifecycleMappingFactory - Using org.eclipse.m2e.jdt.JarLifecycleMapping lifecycle mapping for MavenProject: Json101:Json101:0.0.1 @ E:\Eclipse_Neon\eclipse\Workspace\Misc\Json101\pom.xml.
2016-12-16 21:00:17,637 [Worker-0] INFO  o.e.m.c.i.embedder.EclipseLogger - Using 'UTF-8' encoding to copy filtered resources.
2016-12-16 21:00:17,637 [Worker-0] INFO  o.e.m.c.i.embedder.EclipseLogger - skip non existing resourceDirectory E:\Eclipse_Neon\eclipse\Workspace\Misc\DemoPageObjectModel\src\main\resources
2016-12-16 21:00:17,639 [Worker-0] INFO  o.e.m.c.i.embedder.EclipseLogger - Using 'UTF-8' encoding to copy filtered resources.
2016-12-16 21:00:17,640 [Worker-0] INFO  o.e.m.c.i.embedder.EclipseLogger - skip non existing resourceDirectory E:\Eclipse_Neon\eclipse\Workspace\Misc\DemoPageObjectModel\src\test\resources
2016-12-16 21:00:17,813 [Worker-41] INFO  o.e.m.c.i.l.LifecycleMappingFactory - Using org.eclipse.m2e.jdt.JarLifecycleMapping lifecycle mapping for MavenProject: org.cash.test:test:0.0.1-SNAPSHOT @ E:\Eclipse_Neon\eclipse\Workspace\Misc\Test\test\pom.xml.
2016-12-16 21:00:17,816 [Worker-41] WARN  o.e.m.c.i.embedder.EclipseLogger - The POM for oracle:ojdbc6:jar:11.2.0.4 is missing, no dependency information available
2016-12-16 21:00:17,818 [Worker-0] INFO  o.e.m.c.i.l.LifecycleMappingFactory - Using org.eclipse.m2e.jdt.JarLifecycleMapping lifecycle mapping for MavenProject: SikuliTest:SikuliTest:0.0.1-SNAPSHOT @ E:\Eclipse_Neon\eclipse\Workspace\Misc\SikuliTest\pom.xml.
2016-12-16 21:00:18,124 [Worker-41] WARN  o.e.m.c.i.embedder.EclipseLogger - The POM for org.testng:testng:jar:5.14.3 is invalid, transitive dependencies (if any) will not be available, enable debug logging for more details
2016-12-16 21:00:18,134 [Worker-41] WARN  o.e.m.c.i.embedder.EclipseLogger - The POM for org.testng:testng:jar:5.14.4 is invalid, transitive dependencies (if any) will not be available, enable debug logging for more details
2016-12-16 21:00:18,144 [Worker-41] WARN  o.e.m.c.i.embedder.EclipseLogger - The POM for org.testng:testng:jar:5.14.5 is invalid, transitive dependencies (if any) will not be available, enable debug logging for more details
2016-12-16 21:00:18,638 [Worker-0] WARN  o.e.m.c.i.embedder.EclipseLogger - Using platform encoding (Cp1252 actually) to copy filtered resources, i.e. build is platform dependent!
2016-12-16 21:00:18,646 [Worker-0] INFO  o.e.m.c.i.embedder.EclipseLogger - skip non existing resourceDirectory E:\Eclipse_Neon\eclipse\Workspace\Misc\SikuliTest\src\main\resources
2016-12-16 21:00:18,647 [Worker-0] WARN  o.e.m.c.i.embedder.EclipseLogger - Using platform encoding (Cp1252 actually) to copy filtered resources, i.e. build is platform dependent!
2016-12-16 21:00:18,655 [Worker-0] INFO  o.e.m.c.i.embedder.EclipseLogger - skip non existing resourceDirectory E:\Eclipse_Neon\eclipse\Workspace\Misc\SikuliTest\src\test\resources
2016-12-16 21:00:19,866 [Worker-43] INFO  o.e.m.c.i.l.LifecycleMappingFactory - Using org.eclipse.m2e.jdt.JarLifecycleMapping lifecycle mapping for MavenProject: Json101:Json101:0.0.1 @ E:\Eclipse_Neon\eclipse\Workspace\Misc\Json101\pom.xml.
2016-12-16 21:00:20,242 [Worker-43] INFO  o.e.m.c.i.l.LifecycleMappingFactory - Using org.eclipse.m2e.jdt.JarLifecycleMapping lifecycle mapping for MavenProject: org.cash.test:test:0.0.1-SNAPSHOT @ E:\Eclipse_Neon\eclipse\Workspace\Misc\Test\test\pom.xml.
2016-12-16 21:00:21,021 [Worker-43] WARN  o.e.m.c.i.embedder.EclipseLogger - The POM for oracle:ojdbc6:jar:11.2.0.4 is missing, no dependency information available
2016-12-16 21:00:21,373 [Worker-43] WARN  o.e.m.c.i.embedder.EclipseLogger - The POM for org.testng:testng:jar:5.14.3 is invalid, transitive dependencies (if any) will not be available, enable debug logging for more details
2016-12-16 21:00:21,383 [Worker-43] WARN  o.e.m.c.i.embedder.EclipseLogger - The POM for org.testng:testng:jar:5.14.4 is invalid, transitive dependencies (if any) will not be available, enable debug logging for more details
2016-12-16 21:00:21,393 [Worker-43] WARN  o.e.m.c.i.embedder.EclipseLogger - The POM for org.testng:testng:jar:5.14.5 is invalid, transitive dependencies (if any) will not be available, enable debug logging for more details
2016-12-16 21:00:21,888 [Worker-43] ERROR o.e.m.c.i.p.ProjectConfigurationManager - Resource '/test' is not open.
org.eclipse.core.internal.resources.ResourceException: Resource '/test' is not open.
	at org.eclipse.core.internal.resources.Project.checkAccessible(Project.java:144) ~[org.eclipse.core.resources_3.11.0.v20160503-1608.jar:na]
	at org.eclipse.core.internal.resources.Resource.deleteMarkers(Resource.java:823) ~[org.eclipse.core.resources_3.11.0.v20160503-1608.jar:na]
	at org.eclipse.m2e.core.internal.markers.MavenMarkerManager.deleteMarkers(MavenMarkerManager.java:229) ~[org.eclipse.m2e.core_1.7.0.20160603-1933.jar:na]
	at org.eclipse.m2e.core.internal.markers.MavenMarkerManager.deleteMarkers(MavenMarkerManager.java:223) ~[org.eclipse.m2e.core_1.7.0.20160603-1933.jar:na]
	at org.eclipse.m2e.core.internal.project.ProjectConfigurationManager.mavenProjectChanged(ProjectConfigurationManager.java:1006) ~[org.eclipse.m2e.core_1.7.0.20160603-1933.jar:na]
	at org.eclipse.m2e.core.internal.project.registry.ProjectRegistryManager.notifyProjectChangeListeners(ProjectRegistryManager.java:783) [org.eclipse.m2e.core_1.7.0.20160603-1933.jar:na]
	at org.eclipse.m2e.core.internal.project.registry.ProjectRegistryManager.applyMutableProjectRegistry(ProjectRegistryManager.java:930) [org.eclipse.m2e.core_1.7.0.20160603-1933.jar:na]
	at org.eclipse.m2e.core.internal.project.registry.ProjectRegistryRefreshJob$1.call(ProjectRegistryRefreshJob.java:98) [org.eclipse.m2e.core_1.7.0.20160603-1933.jar:na]
	at org.eclipse.m2e.core.internal.project.registry.ProjectRegistryRefreshJob$1.call(ProjectRegistryRefreshJob.java:1) [org.eclipse.m2e.core_1.7.0.20160603-1933.jar:na]
	at org.eclipse.m2e.core.internal.embedder.MavenExecutionContext.executeBare(MavenExecutionContext.java:176) [org.eclipse.m2e.core_1.7.0.20160603-1933.jar:na]
	at org.eclipse.m2e.core.internal.embedder.MavenExecutionContext.execute(MavenExecutionContext.java:151) [org.eclipse.m2e.core_1.7.0.20160603-1933.jar:na]
	at org.eclipse.m2e.core.internal.embedder.MavenExecutionContext.execute(MavenExecutionContext.java:99) [org.eclipse.m2e.core_1.7.0.20160603-1933.jar:na]
	at org.eclipse.m2e.core.internal.embedder.MavenImpl.execute(MavenImpl.java:1355) [org.eclipse.m2e.core_1.7.0.20160603-1933.jar:na]
	at org.eclipse.m2e.core.internal.project.registry.ProjectRegistryRefreshJob.run(ProjectRegistryRefreshJob.java:81) [org.eclipse.m2e.core_1.7.0.20160603-1933.jar:na]
	at org.eclipse.core.internal.jobs.Worker.run(Worker.java:55) [org.eclipse.core.jobs_3.8.0.v20160509-0411.jar:na]
2016-12-16 21:00:21,910 [Worker-43] ERROR o.e.m.c.i.p.ProjectConfigurationManager - Resource '/Json101' is not open.
org.eclipse.core.internal.resources.ResourceException: Resource '/Json101' is not open.
	at org.eclipse.core.internal.resources.Project.checkAccessible(Project.java:144) ~[org.eclipse.core.resources_3.11.0.v20160503-1608.jar:na]
	at org.eclipse.core.internal.resources.Resource.deleteMarkers(Resource.java:823) ~[org.eclipse.core.resources_3.11.0.v20160503-1608.jar:na]
	at org.eclipse.m2e.core.internal.markers.MavenMarkerManager.deleteMarkers(MavenMarkerManager.java:229) ~[org.eclipse.m2e.core_1.7.0.20160603-1933.jar:na]
	at org.eclipse.m2e.core.internal.markers.MavenMarkerManager.deleteMarkers(MavenMarkerManager.java:223) ~[org.eclipse.m2e.core_1.7.0.20160603-1933.jar:na]
	at org.eclipse.m2e.core.internal.project.ProjectConfigurationManager.mavenProjectChanged(ProjectConfigurationManager.java:1006) ~[org.eclipse.m2e.core_1.7.0.20160603-1933.jar:na]
	at org.eclipse.m2e.core.internal.project.registry.ProjectRegistryManager.notifyProjectChangeListeners(ProjectRegistryManager.java:783) [org.eclipse.m2e.core_1.7.0.20160603-1933.jar:na]
	at org.eclipse.m2e.core.internal.project.registry.ProjectRegistryManager.applyMutableProjectRegistry(ProjectRegistryManager.java:930) [org.eclipse.m2e.core_1.7.0.20160603-1933.jar:na]
	at org.eclipse.m2e.core.internal.project.registry.ProjectRegistryRefreshJob$1.call(ProjectRegistryRefreshJob.java:98) [org.eclipse.m2e.core_1.7.0.20160603-1933.jar:na]
	at org.eclipse.m2e.core.internal.project.registry.ProjectRegistryRefreshJob$1.call(ProjectRegistryRefreshJob.java:1) [org.eclipse.m2e.core_1.7.0.20160603-1933.jar:na]
	at org.eclipse.m2e.core.internal.embedder.MavenExecutionContext.executeBare(MavenExecutionContext.java:176) [org.eclipse.m2e.core_1.7.0.20160603-1933.jar:na]
	at org.eclipse.m2e.core.internal.embedder.MavenExecutionContext.execute(MavenExecutionContext.java:151) [org.eclipse.m2e.core_1.7.0.20160603-1933.jar:na]
	at org.eclipse.m2e.core.internal.embedder.MavenExecutionContext.execute(MavenExecutionContext.java:99) [org.eclipse.m2e.core_1.7.0.20160603-1933.jar:na]
	at org.eclipse.m2e.core.internal.embedder.MavenImpl.execute(MavenImpl.java:1355) [org.eclipse.m2e.core_1.7.0.20160603-1933.jar:na]
	at org.eclipse.m2e.core.internal.project.registry.ProjectRegistryRefreshJob.run(ProjectRegistryRefreshJob.java:81) [org.eclipse.m2e.core_1.7.0.20160603-1933.jar:na]
	at org.eclipse.core.internal.jobs.Worker.run(Worker.java:55) [org.eclipse.core.jobs_3.8.0.v20160509-0411.jar:na]
